Tue Jun 30 19:39:08 CEST 2020: Initializing {
Tue Jun 30 19:39:10 CEST 2020:  - Resetting {
Tue Jun 30 19:39:10 CEST 2020:  -  - Adding Archives {
Tue Jun 30 19:39:10 CEST 2020:  -  -  - C:\Users\nroux\Desktop\FrameIT\archives\MathHub\FrameIT\frameworld
Tue Jun 30 19:39:10 CEST 2020:  -  -  - C:\Users\nroux\Desktop\FrameIT\archives\MathHub\MMT\LFX
Tue Jun 30 19:39:10 CEST 2020:  -  -  - C:\Users\nroux\Desktop\FrameIT\archives\MathHub\MMT\urtheories
Tue Jun 30 19:39:10 CEST 2020:  -  -  - C:\Users\nroux\Desktop\FrameIT\archives\MathHub\MitM\Foundation
Tue Jun 30 19:39:10 CEST 2020:  -  -  - C:\Users\nroux\Desktop\FrameIT\archives\MathHub\MitM\core
Tue Jun 30 19:39:10 CEST 2020:  -  - } (Adding Archives)
Tue Jun 30 19:39:10 CEST 2020:  -  - Adding mmt.jar to class path
Tue Jun 30 19:39:11 CEST 2020:  -  - Refreshing MathHub Pane {
Tue Jun 30 19:39:11 CEST 2020:  -  - } (Refreshing MathHub Pane)
Tue Jun 30 19:39:11 CEST 2020:  - } (Resetting)
Tue Jun 30 19:39:11 CEST 2020:  - Creating MathHub-Node {
Tue Jun 30 19:39:11 CEST 2020:  - } (Initializing)
Tue Jun 30 19:39:11 CEST 2020:  - Adding Actions {
Tue Jun 30 19:39:11 CEST 2020:  - } (Adding Actions)
Tue Jun 30 19:39:20 CEST 2020:  - null
                                  com.intellij.ide.projectView.impl.nodes.ProjectViewDirectoryHelper.createFileAndDirectoryNodes(ProjectViewDirectoryHelper.java:433)
                                  info.kwarc.mmt.intellij.ui.MathHubTreeNode.$anonfun$getChildren$1(ProjectView.scala:71)
                                  info.kwarc.mmt.intellij.MMT.logged(Plugin.scala:186)
                                  info.kwarc.mmt.intellij.ui.MathHubTreeNode.getChildren(ProjectView.scala:66)
                                  com.intellij.ide.util.treeView.AbstractTreeStructureBase.getChildElements(AbstractTreeStructureBase.java:36)
                                  com.intellij.ui.tree.StructureTreeModel.getValidChildren(StructureTreeModel.java:384)
                                  com.intellij.ui.tree.StructureTreeModel.validateChildren(StructureTreeModel.java:298)
                                  com.intellij.ui.tree.StructureTreeModel.getNode(StructureTreeModel.java:292)
                                  com.intellij.ui.tree.StructureTreeModel.getChildren(StructureTreeModel.java:312)
                                  com.intellij.ui.tree.AsyncTreeModel$CmdGetChildren.getNode(AsyncTreeModel.java:573)
                                  com.intellij.ui.tree.AsyncTreeModel$ObsolescentCommand.get(AsyncTreeModel.java:468)
                                  com.intellij.ui.tree.AsyncTreeModel$ObsolescentCommand.get(AsyncTreeModel.java:434)
                                  com.intellij.util.concurrency.Invoker$Task.run(Invoker.java:323)
                                  com.intellij.openapi.application.impl.ApplicationImpl.tryRunReadAction(ApplicationImpl.java:1106)
                                  com.intellij.openapi.progress.util.ProgressIndicatorUtils.lambda$runInReadActionWithWriteActionPriority$0(ProgressIndicatorUtils.java:75)
                                  com.intellij.openapi.progress.util.ProgressIndicatorUtils.lambda$runWithWriteActionPriority$1(ProgressIndicatorUtils.java:129)
                                  com.intellij.openapi.progress.impl.CoreProgressManager.lambda$runProcess$2(CoreProgressManager.java:166)
                                  com.intellij.openapi.progress.impl.CoreProgressManager.registerIndicatorAndRun(CoreProgressManager.java:627)
                                  com.intellij.openapi.progress.impl.CoreProgressManager.executeProcessUnderProgress(CoreProgressManager.java:572)
                                  com.intellij.openapi.progress.impl.ProgressManagerImpl.executeProcessUnderProgress(ProgressManagerImpl.java:61)
                                  com.intellij.openapi.progress.impl.CoreProgressManager.runProcess(CoreProgressManager.java:153)
                                  com.intellij.openapi.progress.util.ProgressIndicatorUtils.runWithWriteActionPriority(ProgressIndicatorUtils.java:118)
                                  com.intellij.openapi.progress.util.ProgressIndicatorUtils.runInReadActionWithWriteActionPriority(ProgressIndicatorUtils.java:75)
                                  com.intellij.util.concurrency.Invoker.invokeSafely(Invoker.java:206)
                                  com.intellij.util.concurrency.Invoker.lambda$offerSafely$0(Invoker.java:184)
                                  com.intellij.util.concurrency.Invoker$Background.lambda$offer$0(Invoker.java:524)
                                  java.base/java.util.concurrent.Executors$RunnableAdapter.call(Executors.java:515)
                                  java.base/java.util.concurrent.FutureTask.run(FutureTask.java:264)
                                  com.intellij.util.concurrency.SchedulingWrapper$MyScheduledFutureTask.run(SchedulingWrapper.java:220)
                                  com.intellij.util.concurrency.BoundedTaskExecutor.doRun(BoundedTaskExecutor.java:222)
                                  com.intellij.util.concurrency.BoundedTaskExecutor.access$200(BoundedTaskExecutor.java:29)
                                  com.intellij.util.concurrency.BoundedTaskExecutor$1.execute(BoundedTaskExecutor.java:201)
                                  com.intellij.util.ConcurrencyUtil.runUnderThreadName(ConcurrencyUtil.java:210)
                                  com.intellij.util.concurrency.BoundedTaskExecutor$1.run(BoundedTaskExecutor.java:190)
                                  java.base/java.util.concurrent.ThreadPoolExecutor.runWorker(ThreadPoolExecutor.java:1128)
                                  java.base/java.util.concurrent.ThreadPoolExecutor$Worker.run(ThreadPoolExecutor.java:628)
                                  java.base/java.lang.Thread.run(Thread.java:834)
Tue Jun 30 19:39:21 CEST 2020: } (Creating MathHub-Node)
Tue Jun 30 19:39:21 CEST 2020: Creating MathHub-Node {
Tue Jun 30 19:39:21 CEST 2020:  - null
                                  com.intellij.ide.projectView.impl.nodes.ProjectViewDirectoryHelper.createFileAndDirectoryNodes(ProjectViewDirectoryHelper.java:433)
                                  info.kwarc.mmt.intellij.ui.MathHubTreeNode.$anonfun$getChildren$1(ProjectView.scala:71)
                                  info.kwarc.mmt.intellij.MMT.logged(Plugin.scala:186)
                                  info.kwarc.mmt.intellij.ui.MathHubTreeNode.getChildren(ProjectView.scala:66)
                                  com.intellij.ide.util.treeView.AbstractTreeStructureBase.getChildElements(AbstractTreeStructureBase.java:36)
                                  com.intellij.ui.tree.StructureTreeModel.getValidChildren(StructureTreeModel.java:384)
                                  com.intellij.ui.tree.StructureTreeModel.validateChildren(StructureTreeModel.java:298)
                                  com.intellij.ui.tree.StructureTreeModel.getNode(StructureTreeModel.java:292)
                                  com.intellij.ui.tree.StructureTreeModel.getChildren(StructureTreeModel.java:312)
                                  com.intellij.ui.tree.AsyncTreeModel$CmdGetChildren.getNode(AsyncTreeModel.java:573)
                                  com.intellij.ui.tree.AsyncTreeModel$ObsolescentCommand.get(AsyncTreeModel.java:468)
                                  com.intellij.ui.tree.AsyncTreeModel$ObsolescentCommand.get(AsyncTreeModel.java:434)
                                  com.intellij.util.concurrency.Invoker$Task.run(Invoker.java:323)
                                  com.intellij.openapi.application.impl.ApplicationImpl.tryRunReadAction(ApplicationImpl.java:1106)
                                  com.intellij.openapi.progress.util.ProgressIndicatorUtils.lambda$runInReadActionWithWriteActionPriority$0(ProgressIndicatorUtils.java:75)
                                  com.intellij.openapi.progress.util.ProgressIndicatorUtils.lambda$runWithWriteActionPriority$1(ProgressIndicatorUtils.java:129)
                                  com.intellij.openapi.progress.impl.CoreProgressManager.lambda$runProcess$2(CoreProgressManager.java:166)
                                  com.intellij.openapi.progress.impl.CoreProgressManager.registerIndicatorAndRun(CoreProgressManager.java:627)
                                  com.intellij.openapi.progress.impl.CoreProgressManager.executeProcessUnderProgress(CoreProgressManager.java:572)
                                  com.intellij.openapi.progress.impl.ProgressManagerImpl.executeProcessUnderProgress(ProgressManagerImpl.java:61)
                                  com.intellij.openapi.progress.impl.CoreProgressManager.runProcess(CoreProgressManager.java:153)
                                  com.intellij.openapi.progress.util.ProgressIndicatorUtils.runWithWriteActionPriority(ProgressIndicatorUtils.java:118)
                                  com.intellij.openapi.progress.util.ProgressIndicatorUtils.runInReadActionWithWriteActionPriority(ProgressIndicatorUtils.java:75)
                                  com.intellij.util.concurrency.Invoker.invokeSafely(Invoker.java:206)
                                  com.intellij.util.concurrency.Invoker.lambda$offerSafely$0(Invoker.java:184)
                                  com.intellij.util.concurrency.Invoker$Background.lambda$offer$0(Invoker.java:524)
                                  com.intellij.util.concurrency.BoundedTaskExecutor.doRun(BoundedTaskExecutor.java:222)
                                  com.intellij.util.concurrency.BoundedTaskExecutor.access$200(BoundedTaskExecutor.java:29)
                                  com.intellij.util.concurrency.BoundedTaskExecutor$1.execute(BoundedTaskExecutor.java:201)
                                  com.intellij.util.ConcurrencyUtil.runUnderThreadName(ConcurrencyUtil.java:210)
                                  com.intellij.util.concurrency.BoundedTaskExecutor$1.run(BoundedTaskExecutor.java:190)
                                  java.base/java.util.concurrent.ThreadPoolExecutor.runWorker(ThreadPoolExecutor.java:1128)
                                  java.base/java.util.concurrent.ThreadPoolExecutor$Worker.run(ThreadPoolExecutor.java:628)
                                  java.base/java.lang.Thread.run(Thread.java:834)
Tue Jun 30 19:39:21 CEST 2020: } (Creating MathHub-Node)
Tue Jun 30 19:42:03 CEST 2020: Creating MathHub-Node {
Tue Jun 30 19:42:04 CEST 2020: } (Creating MathHub-Node)
Tue Jun 30 19:42:04 CEST 2020: Children of FrameIt {
Tue Jun 30 19:42:04 CEST 2020: } (Children of FrameIt)
Tue Jun 30 19:42:05 CEST 2020: Children of MitM {
Tue Jun 30 19:42:05 CEST 2020: } (Children of MitM)
Tue Jun 30 19:42:05 CEST 2020: Children of MMT {
Tue Jun 30 19:42:06 CEST 2020: } (Children of MMT)
Tue Jun 30 19:42:06 CEST 2020: Children of MMT {
Tue Jun 30 19:42:06 CEST 2020: } (Children of MMT)
Tue Jun 30 19:42:06 CEST 2020: Children of alezza {
Tue Jun 30 19:42:06 CEST 2020: } (Children of alezza)
Tue Jun 30 19:42:06 CEST 2020: Children of alezza {
Tue Jun 30 19:42:06 CEST 2020: } (Children of alezza)
Tue Jun 30 19:42:06 CEST 2020: Children of alignments {
Tue Jun 30 19:42:06 CEST 2020: } (Children of alignments)
Tue Jun 30 19:42:06 CEST 2020: Children of Almanac {
Tue Jun 30 19:42:06 CEST 2020: } (Children of Almanac)
Tue Jun 30 19:42:06 CEST 2020: Children of angerhang {
Tue Jun 30 19:42:07 CEST 2020: } (Children of angerhang)
Tue Jun 30 19:42:07 CEST 2020: Children of BaseMH {
Tue Jun 30 19:42:07 CEST 2020: } (Children of BaseMH)
Tue Jun 30 19:42:08 CEST 2020: Children of ChristophGeist {
Tue Jun 30 19:42:08 CEST 2020: } (Children of ChristophGeist)
Tue Jun 30 19:42:09 CEST 2020: Children of ChristophGeist {
Tue Jun 30 19:42:09 CEST 2020: } (Children of ChristophGeist)
Tue Jun 30 19:42:09 CEST 2020: Children of comma {
Tue Jun 30 19:42:09 CEST 2020: } (Children of comma)
Tue Jun 30 19:42:10 CEST 2020: Children of Coq {
Tue Jun 30 19:42:10 CEST 2020: } (Children of Coq)
Tue Jun 30 19:42:10 CEST 2020: Children of Coqxml {
Tue Jun 30 19:42:10 CEST 2020: } (Children of Coqxml)
Tue Jun 30 19:42:10 CEST 2020: Children of dedukti {
Tue Jun 30 19:42:11 CEST 2020: } (Children of dedukti)
Tue Jun 30 19:42:12 CEST 2020: Children of digama0 {
Tue Jun 30 19:42:12 CEST 2020: } (Children of digama0)
Tue Jun 30 19:42:12 CEST 2020: Children of elpi {
Tue Jun 30 19:42:12 CEST 2020: } (Children of elpi)
Tue Jun 30 19:42:12 CEST 2020: Children of focalize {
Tue Jun 30 19:42:13 CEST 2020: } (Children of focalize)
Tue Jun 30 19:42:13 CEST 2020: Children of FrameIT {
Tue Jun 30 19:42:13 CEST 2020: } (Children of FrameIT)
Tue Jun 30 19:42:13 CEST 2020: Children of HelloWorld {
Tue Jun 30 19:42:13 CEST 2020: } (Children of HelloWorld)
Tue Jun 30 19:42:13 CEST 2020: Children of hkroeger {
Tue Jun 30 19:42:13 CEST 2020: } (Children of hkroeger)
Tue Jun 30 19:42:14 CEST 2020: Children of HOL-Light {
Tue Jun 30 19:42:14 CEST 2020: } (Children of HOL-Light)
Tue Jun 30 19:42:14 CEST 2020: Children of HOLLight {
Tue Jun 30 19:42:15 CEST 2020: } (Children of HOLLight)
Tue Jun 30 19:42:16 CEST 2020: Children of IMPS {
Tue Jun 30 19:42:16 CEST 2020: } (Children of IMPS)
Tue Jun 30 19:42:16 CEST 2020: Children of informal {
Tue Jun 30 19:42:16 CEST 2020: } (Children of informal)
Tue Jun 30 19:42:16 CEST 2020: Children of Isabelle {
Tue Jun 30 19:42:16 CEST 2020: } (Children of Isabelle)
Tue Jun 30 19:42:16 CEST 2020: Children of itoloaca {
Tue Jun 30 19:42:16 CEST 2020: } (Children of itoloaca)
Tue Jun 30 19:42:16 CEST 2020: Children of jbs {
Tue Jun 30 19:42:16 CEST 2020: } (Children of jbs)
Tue Jun 30 19:42:17 CEST 2020: Children of jinzhang {
Tue Jun 30 19:42:17 CEST 2020: } (Children of jinzhang)
Tue Jun 30 19:42:17 CEST 2020: Children of jlogic {
Tue Jun 30 19:42:17 CEST 2020: } (Children of jlogic)
Tue Jun 30 19:42:17 CEST 2020: Children of jschefter {
Tue Jun 30 19:42:17 CEST 2020: } (Children of jschefter)
Tue Jun 30 19:42:17 CEST 2020: Children of jucovschi {
Tue Jun 30 19:42:17 CEST 2020: } (Children of jucovschi)
Tue Jun 30 19:42:17 CEST 2020: Children of KwarcMH {
Tue Jun 30 19:42:17 CEST 2020: } (Children of KwarcMH)
Tue Jun 30 19:42:17 CEST 2020: Children of MaMoReD {
Tue Jun 30 19:42:17 CEST 2020: } (Children of MaMoReD)
Tue Jun 30 19:42:18 CEST 2020: Children of markuspf {
Tue Jun 30 19:42:18 CEST 2020: } (Children of markuspf)
Tue Jun 30 19:42:18 CEST 2020: Children of mathwebsearch {
Tue Jun 30 19:42:18 CEST 2020: } (Children of mathwebsearch)
Tue Jun 30 19:42:18 CEST 2020: Children of meta {
Tue Jun 30 19:42:18 CEST 2020: } (Children of meta)
Tue Jun 30 19:42:18 CEST 2020: Children of Metamath {
Tue Jun 30 19:42:18 CEST 2020: } (Children of Metamath)
Tue Jun 30 19:42:18 CEST 2020: Children of miancu {
Tue Jun 30 19:42:18 CEST 2020: } (Children of miancu)
Tue Jun 30 19:42:18 CEST 2020: Children of MiKoAttic {
Tue Jun 30 19:42:18 CEST 2020: } (Children of MiKoAttic)
Tue Jun 30 19:42:18 CEST 2020: Children of MiKoMH {
Tue Jun 30 19:42:18 CEST 2020: } (Children of MiKoMH)
Tue Jun 30 19:42:18 CEST 2020: Children of Mizar {
Tue Jun 30 19:42:18 CEST 2020: } (Children of Mizar)
Tue Jun 30 19:42:18 CEST 2020: Children of mkohlhase {
Tue Jun 30 19:42:18 CEST 2020: } (Children of mkohlhase)
Tue Jun 30 19:42:18 CEST 2020: Children of MMATh {
Tue Jun 30 19:42:18 CEST 2020: } (Children of MMATh)
Tue Jun 30 19:42:18 CEST 2020: Children of Naproche-SAD {
Tue Jun 30 19:42:18 CEST 2020: } (Children of Naproche-SAD)
Tue Jun 30 19:42:18 CEST 2020: Children of nlab {
Tue Jun 30 19:42:18 CEST 2020: } (Children of nlab)
Tue Jun 30 19:42:18 CEST 2020: Children of npentrel {
Tue Jun 30 19:42:18 CEST 2020: } (Children of npentrel)
Tue Jun 30 19:42:18 CEST 2020: Children of nthiery {
Tue Jun 30 19:42:18 CEST 2020: } (Children of nthiery)
Tue Jun 30 19:42:18 CEST 2020: Children of ODK {
Tue Jun 30 19:42:18 CEST 2020: } (Children of ODK)
Tue Jun 30 19:42:18 CEST 2020: Children of oeis {
Tue Jun 30 19:42:19 CEST 2020: } (Children of oeis)
Tue Jun 30 19:42:19 CEST 2020: Children of PVS {
Tue Jun 30 19:42:19 CEST 2020: } (Children of PVS)
Tue Jun 30 19:42:19 CEST 2020: Children of SaschaDoerflein {
Tue Jun 30 19:42:19 CEST 2020: } (Children of SaschaDoerflein)
Tue Jun 30 19:42:19 CEST 2020: Children of scucoco {
Tue Jun 30 19:42:19 CEST 2020: } (Children of scucoco)
Tue Jun 30 19:42:19 CEST 2020: Children of ServiceDesk {
Tue Jun 30 19:42:19 CEST 2020: } (Children of ServiceDesk)
Tue Jun 30 19:42:19 CEST 2020: Children of smglom {
Tue Jun 30 19:42:19 CEST 2020: } (Children of smglom)
Tue Jun 30 19:42:19 CEST 2020: Children of Specware {
Tue Jun 30 19:42:19 CEST 2020: } (Children of Specware)
Tue Jun 30 19:42:19 CEST 2020: Children of SvenWille {
Tue Jun 30 19:42:19 CEST 2020: } (Children of SvenWille)
Tue Jun 30 19:42:19 CEST 2020: Children of symmetric-objects {
Tue Jun 30 19:42:19 CEST 2020: } (Children of symmetric-objects)
Tue Jun 30 19:42:19 CEST 2020: Children of Teaching {
Tue Jun 30 19:42:19 CEST 2020: } (Children of Teaching)
Tue Jun 30 19:42:19 CEST 2020: Children of Test {
Tue Jun 30 19:42:19 CEST 2020: } (Children of Test)
Tue Jun 30 19:42:19 CEST 2020: Children of testing {
Tue Jun 30 19:42:19 CEST 2020: } (Children of testing)
Tue Jun 30 19:42:19 CEST 2020: Children of Theorema {
Tue Jun 30 19:42:19 CEST 2020: } (Children of Theorema)
Tue Jun 30 19:42:19 CEST 2020: Children of thesis {
Tue Jun 30 19:42:19 CEST 2020: } (Children of thesis)
Tue Jun 30 19:42:19 CEST 2020: Children of Tianlinliu {
Tue Jun 30 19:42:19 CEST 2020: } (Children of Tianlinliu)
Tue Jun 30 19:42:20 CEST 2020: Children of tps {
Tue Jun 30 19:42:20 CEST 2020: } (Children of tps)
Tue Jun 30 19:42:20 CEST 2020: Children of tptp {
Tue Jun 30 19:42:20 CEST 2020: } (Children of tptp)
Tue Jun 30 19:42:20 CEST 2020: Children of Tutorials {
Tue Jun 30 19:42:20 CEST 2020: } (Children of Tutorials)
Tue Jun 30 19:42:20 CEST 2020: Children of twiesing {
Tue Jun 30 19:42:20 CEST 2020: } (Children of twiesing)
Tue Jun 30 19:42:20 CEST 2020: Children of ulo {
Tue Jun 30 19:42:20 CEST 2020: } (Children of ulo)
Tue Jun 30 19:42:20 CEST 2020: Children of urabenstein {
Tue Jun 30 19:42:20 CEST 2020: } (Children of urabenstein)
Tue Jun 30 19:43:10 CEST 2020: Creating MathHub-Node {
Tue Jun 30 19:43:11 CEST 2020: } (Creating MathHub-Node)
Tue Jun 30 19:43:11 CEST 2020: Children of FrameIt {
Tue Jun 30 19:43:11 CEST 2020: } (Children of FrameIt)
Tue Jun 30 19:43:11 CEST 2020: Children of MitM {
Tue Jun 30 19:43:11 CEST 2020: } (Children of MitM)
Tue Jun 30 19:43:11 CEST 2020: Children of MMT {
Tue Jun 30 19:43:11 CEST 2020: } (Children of MMT)
Tue Jun 30 19:43:11 CEST 2020: Children of MMT {
Tue Jun 30 19:43:11 CEST 2020: } (Children of MMT)
Tue Jun 30 19:43:12 CEST 2020: Children of MMT {
Tue Jun 30 19:43:12 CEST 2020: } (Children of MMT)
Tue Jun 30 19:43:13 CEST 2020: Children of MMT {
Tue Jun 30 19:43:14 CEST 2020: } (Children of MMT)
Tue Jun 30 19:43:14 CEST 2020: Children of MMT {
Tue Jun 30 19:43:14 CEST 2020: } (Children of MMT)
Tue Jun 30 19:43:14 CEST 2020: Children of MMT {
Tue Jun 30 19:43:14 CEST 2020: } (Children of MMT)
Tue Jun 30 19:43:14 CEST 2020: Children of MMT {
Tue Jun 30 19:43:14 CEST 2020: } (Children of MMT)
Tue Jun 30 19:43:14 CEST 2020: Children of MMT {
Tue Jun 30 19:43:14 CEST 2020: } (Children of MMT)
Tue Jun 30 19:43:15 CEST 2020: Children of MMT {
Tue Jun 30 19:43:15 CEST 2020: } (Children of MMT)
Tue Jun 30 19:43:15 CEST 2020: Children of MMT {
Tue Jun 30 19:43:15 CEST 2020: } (Children of MMT)
Tue Jun 30 19:43:15 CEST 2020: Children of MMT {
Tue Jun 30 19:43:15 CEST 2020: } (Children of MMT)
Tue Jun 30 19:43:15 CEST 2020: Children of alezza {
Tue Jun 30 19:43:15 CEST 2020: } (Children of alezza)
Tue Jun 30 19:43:16 CEST 2020: Children of alignments {
Tue Jun 30 19:43:16 CEST 2020: } (Children of alignments)
Tue Jun 30 19:43:17 CEST 2020: Children of Almanac {
Tue Jun 30 19:43:17 CEST 2020: } (Children of Almanac)
Tue Jun 30 19:43:17 CEST 2020: Children of Almanac {
Tue Jun 30 19:43:17 CEST 2020: } (Children of Almanac)
Tue Jun 30 19:43:18 CEST 2020: Children of Almanac {
Tue Jun 30 19:43:18 CEST 2020: } (Children of Almanac)
Tue Jun 30 19:43:18 CEST 2020: Children of Almanac {
Tue Jun 30 19:43:18 CEST 2020: } (Children of Almanac)
Tue Jun 30 19:43:18 CEST 2020: Children of Almanac {
Tue Jun 30 19:43:18 CEST 2020: } (Children of Almanac)
Tue Jun 30 19:43:19 CEST 2020: Children of Almanac {
Tue Jun 30 19:43:19 CEST 2020: } (Children of Almanac)
Tue Jun 30 19:43:19 CEST 2020: Children of Almanac {
Tue Jun 30 19:43:19 CEST 2020: } (Children of Almanac)
Tue Jun 30 19:43:19 CEST 2020: Children of Almanac {
Tue Jun 30 19:43:19 CEST 2020: } (Children of Almanac)
Tue Jun 30 19:43:19 CEST 2020: Children of Almanac {
Tue Jun 30 19:43:19 CEST 2020: } (Children of Almanac)
Tue Jun 30 19:43:19 CEST 2020: Children of Almanac {
Tue Jun 30 19:43:19 CEST 2020: } (Children of Almanac)
Tue Jun 30 19:43:19 CEST 2020: Children of Almanac {
Tue Jun 30 19:43:19 CEST 2020: } (Children of Almanac)
Tue Jun 30 19:43:19 CEST 2020: Children of Almanac {
Tue Jun 30 19:43:19 CEST 2020: } (Children of Almanac)
Tue Jun 30 19:43:19 CEST 2020: Children of Almanac {
Tue Jun 30 19:43:19 CEST 2020: } (Children of Almanac)
Tue Jun 30 19:43:19 CEST 2020: Children of Almanac {
Tue Jun 30 19:43:19 CEST 2020: } (Children of Almanac)
Tue Jun 30 19:43:20 CEST 2020: Children of Almanac {
Tue Jun 30 19:43:20 CEST 2020: } (Children of Almanac)
Tue Jun 30 19:43:20 CEST 2020: Children of Almanac {
Tue Jun 30 19:43:20 CEST 2020: } (Children of Almanac)
Tue Jun 30 19:43:20 CEST 2020: Children of Almanac {
Tue Jun 30 19:43:20 CEST 2020: } (Children of Almanac)
Tue Jun 30 19:43:20 CEST 2020: Children of Almanac {
Tue Jun 30 19:43:20 CEST 2020: } (Children of Almanac)
Tue Jun 30 19:43:20 CEST 2020: Children of Almanac {
Tue Jun 30 19:43:20 CEST 2020: } (Children of Almanac)
Tue Jun 30 19:43:20 CEST 2020: Children of Almanac {
Tue Jun 30 19:43:20 CEST 2020: } (Children of Almanac)
Tue Jun 30 19:43:20 CEST 2020: Children of Almanac {
Tue Jun 30 19:43:20 CEST 2020: } (Children of Almanac)
Tue Jun 30 19:43:20 CEST 2020: Children of angerhang {
Tue Jun 30 19:43:20 CEST 2020: } (Children of angerhang)
Tue Jun 30 19:43:20 CEST 2020: Children of BaseMH {
Tue Jun 30 19:43:21 CEST 2020: } (Children of BaseMH)
Tue Jun 30 19:43:21 CEST 2020: Children of ChristophGeist {
Tue Jun 30 19:43:21 CEST 2020: } (Children of ChristophGeist)
Tue Jun 30 19:43:21 CEST 2020: Children of comma {
Tue Jun 30 19:43:21 CEST 2020: } (Children of comma)
Tue Jun 30 19:43:21 CEST 2020: Children of Coq {
Tue Jun 30 19:43:21 CEST 2020: } (Children of Coq)
Tue Jun 30 19:43:21 CEST 2020: Children of Coqxml {
Tue Jun 30 19:43:21 CEST 2020: } (Children of Coqxml)
Tue Jun 30 19:43:21 CEST 2020: Children of dedukti {
Tue Jun 30 19:43:21 CEST 2020: } (Children of dedukti)
Tue Jun 30 19:43:21 CEST 2020: Children of digama0 {
Tue Jun 30 19:43:21 CEST 2020: } (Children of digama0)
Tue Jun 30 19:43:22 CEST 2020: Children of elpi {
Tue Jun 30 19:43:22 CEST 2020: } (Children of elpi)
Tue Jun 30 19:43:22 CEST 2020: Children of focalize {
Tue Jun 30 19:43:22 CEST 2020: } (Children of focalize)
Tue Jun 30 19:43:22 CEST 2020: Children of FrameIT {
Tue Jun 30 19:43:22 CEST 2020: } (Children of FrameIT)
Tue Jun 30 19:43:22 CEST 2020: Children of HelloWorld {
Tue Jun 30 19:43:22 CEST 2020: } (Children of HelloWorld)
Tue Jun 30 19:43:22 CEST 2020: Children of hkroeger {
Tue Jun 30 19:43:22 CEST 2020: } (Children of hkroeger)
Tue Jun 30 19:43:22 CEST 2020: Children of HOL-Light {
Tue Jun 30 19:43:22 CEST 2020: } (Children of HOL-Light)
Tue Jun 30 19:43:22 CEST 2020: Children of HOL-Light {
Tue Jun 30 19:43:22 CEST 2020: } (Children of HOL-Light)
Tue Jun 30 19:43:22 CEST 2020: Children of HOL-Light {
Tue Jun 30 19:43:23 CEST 2020: } (Children of HOL-Light)
Tue Jun 30 19:43:23 CEST 2020: Children of HOL-Light {
Tue Jun 30 19:43:23 CEST 2020: } (Children of HOL-Light)
Tue Jun 30 19:43:23 CEST 2020: Children of HOL-Light {
Tue Jun 30 19:43:23 CEST 2020: } (Children of HOL-Light)
Tue Jun 30 19:43:23 CEST 2020: Children of HOLLight {
Tue Jun 30 19:43:23 CEST 2020: } (Children of HOLLight)
Tue Jun 30 19:43:23 CEST 2020: Children of IMPS {
Tue Jun 30 19:43:23 CEST 2020: } (Children of IMPS)
Tue Jun 30 19:43:23 CEST 2020: Children of informal {
Tue Jun 30 19:43:23 CEST 2020: } (Children of informal)
Tue Jun 30 19:43:23 CEST 2020: Children of Isabelle {
Tue Jun 30 19:43:23 CEST 2020: } (Children of Isabelle)
Tue Jun 30 19:43:23 CEST 2020: Children of itoloaca {
Tue Jun 30 19:43:23 CEST 2020: } (Children of itoloaca)
Tue Jun 30 19:43:23 CEST 2020: Children of jbs {
Tue Jun 30 19:43:23 CEST 2020: } (Children of jbs)
Tue Jun 30 19:43:24 CEST 2020: Children of jinzhang {
Tue Jun 30 19:43:24 CEST 2020: } (Children of jinzhang)
Tue Jun 30 19:43:24 CEST 2020: Children of jlogic {
Tue Jun 30 19:43:24 CEST 2020: } (Children of jlogic)
Tue Jun 30 19:43:24 CEST 2020: Children of jschefter {
Tue Jun 30 19:43:24 CEST 2020: } (Children of jschefter)
Tue Jun 30 19:43:24 CEST 2020: Children of jucovschi {
Tue Jun 30 19:43:24 CEST 2020: } (Children of jucovschi)
Tue Jun 30 19:43:24 CEST 2020: Children of KwarcMH {
Tue Jun 30 19:43:24 CEST 2020: } (Children of KwarcMH)
Tue Jun 30 19:43:24 CEST 2020: Children of MaMoReD {
Tue Jun 30 19:43:24 CEST 2020: } (Children of MaMoReD)
Tue Jun 30 19:43:24 CEST 2020: Children of markuspf {
Tue Jun 30 19:43:24 CEST 2020: } (Children of markuspf)
Tue Jun 30 19:43:24 CEST 2020: Children of mathwebsearch {
Tue Jun 30 19:43:24 CEST 2020: } (Children of mathwebsearch)
Tue Jun 30 19:43:24 CEST 2020: Children of meta {
Tue Jun 30 19:43:24 CEST 2020: } (Children of meta)
Tue Jun 30 19:43:24 CEST 2020: Children of meta {
Tue Jun 30 19:43:25 CEST 2020: } (Children of meta)
Tue Jun 30 19:43:25 CEST 2020: Children of Metamath {
Tue Jun 30 19:43:25 CEST 2020: } (Children of Metamath)
Tue Jun 30 19:43:25 CEST 2020: Children of miancu {
Tue Jun 30 19:43:25 CEST 2020: } (Children of miancu)
Tue Jun 30 19:43:25 CEST 2020: Children of MiKoAttic {
Tue Jun 30 19:43:25 CEST 2020: } (Children of MiKoAttic)
Tue Jun 30 19:43:25 CEST 2020: Children of MiKoMH {
Tue Jun 30 19:43:25 CEST 2020: } (Children of MiKoMH)
Tue Jun 30 19:43:25 CEST 2020: Children of MiKoMH {
Tue Jun 30 19:43:25 CEST 2020: } (Children of MiKoMH)
Tue Jun 30 19:43:25 CEST 2020: Children of MiKoMH {
Tue Jun 30 19:43:25 CEST 2020: } (Children of MiKoMH)
Tue Jun 30 19:43:25 CEST 2020: Children of Mizar {
Tue Jun 30 19:43:25 CEST 2020: } (Children of Mizar)
Tue Jun 30 19:43:25 CEST 2020: Children of mkohlhase {
Tue Jun 30 19:43:25 CEST 2020: } (Children of mkohlhase)
Tue Jun 30 19:43:25 CEST 2020: Children of mkohlhase {
Tue Jun 30 19:43:25 CEST 2020: } (Children of mkohlhase)
Tue Jun 30 19:43:25 CEST 2020: Children of mkohlhase {
Tue Jun 30 19:43:25 CEST 2020: } (Children of mkohlhase)
Tue Jun 30 19:43:25 CEST 2020: Children of mkohlhase {
Tue Jun 30 19:43:26 CEST 2020: } (Children of mkohlhase)
Tue Jun 30 19:43:26 CEST 2020: Children of mkohlhase {
Tue Jun 30 19:43:26 CEST 2020: } (Children of mkohlhase)
Tue Jun 30 19:43:26 CEST 2020: Children of mkohlhase {
Tue Jun 30 19:43:26 CEST 2020: } (Children of mkohlhase)
Tue Jun 30 19:43:26 CEST 2020: Children of mkohlhase {
Tue Jun 30 19:43:26 CEST 2020: } (Children of mkohlhase)
Tue Jun 30 19:43:26 CEST 2020: Children of mkohlhase {
Tue Jun 30 19:43:26 CEST 2020: } (Children of mkohlhase)
Tue Jun 30 19:43:26 CEST 2020: Children of mkohlhase {
Tue Jun 30 19:43:26 CEST 2020: } (Children of mkohlhase)
Tue Jun 30 19:43:26 CEST 2020: Children of mkohlhase {
Tue Jun 30 19:43:26 CEST 2020: } (Children of mkohlhase)
Tue Jun 30 19:43:26 CEST 2020: Children of mkohlhase {
Tue Jun 30 19:43:26 CEST 2020: } (Children of mkohlhase)
Tue Jun 30 19:43:27 CEST 2020: Children of MMATh {
Tue Jun 30 19:43:27 CEST 2020: } (Children of MMATh)
Tue Jun 30 19:43:27 CEST 2020: Children of MMATh {
Tue Jun 30 19:43:27 CEST 2020: } (Children of MMATh)
Tue Jun 30 19:43:27 CEST 2020: Children of MMATh {
Tue Jun 30 19:43:27 CEST 2020: } (Children of MMATh)
Tue Jun 30 19:43:27 CEST 2020: Children of MMATh {
Tue Jun 30 19:43:27 CEST 2020: } (Children of MMATh)
Tue Jun 30 19:43:27 CEST 2020: Children of MMATh {
Tue Jun 30 19:43:27 CEST 2020: } (Children of MMATh)
Tue Jun 30 19:43:27 CEST 2020: Children of Naproche-SAD {
Tue Jun 30 19:43:27 CEST 2020: } (Children of Naproche-SAD)
Tue Jun 30 19:43:27 CEST 2020: Children of Naproche-SAD {
Tue Jun 30 19:43:27 CEST 2020: } (Children of Naproche-SAD)
Tue Jun 30 19:43:27 CEST 2020: Children of Naproche-SAD {
Tue Jun 30 19:43:27 CEST 2020: } (Children of Naproche-SAD)
Tue Jun 30 19:43:27 CEST 2020: Children of Naproche-SAD {
Tue Jun 30 19:43:27 CEST 2020: } (Children of Naproche-SAD)
Tue Jun 30 19:43:27 CEST 2020: Children of Naproche-SAD {
Tue Jun 30 19:43:27 CEST 2020: } (Children of Naproche-SAD)
Tue Jun 30 19:43:27 CEST 2020: Children of Naproche-SAD {
Tue Jun 30 19:43:27 CEST 2020: } (Children of Naproche-SAD)
Tue Jun 30 19:43:27 CEST 2020: Children of Naproche-SAD {
Tue Jun 30 19:43:27 CEST 2020: } (Children of Naproche-SAD)
Tue Jun 30 19:43:27 CEST 2020: Children of Naproche-SAD {
Tue Jun 30 19:43:27 CEST 2020: } (Children of Naproche-SAD)
Tue Jun 30 19:43:27 CEST 2020: Children of Naproche-SAD {
Tue Jun 30 19:43:28 CEST 2020: } (Children of Naproche-SAD)
Tue Jun 30 19:43:28 CEST 2020: Children of Naproche-SAD {
Tue Jun 30 19:43:28 CEST 2020: } (Children of Naproche-SAD)
Tue Jun 30 19:43:28 CEST 2020: Children of Naproche-SAD {
Tue Jun 30 19:43:28 CEST 2020: } (Children of Naproche-SAD)
Tue Jun 30 19:43:28 CEST 2020: Children of Naproche-SAD {
Tue Jun 30 19:43:28 CEST 2020: } (Children of Naproche-SAD)
Tue Jun 30 19:43:28 CEST 2020: Children of Naproche-SAD {
Tue Jun 30 19:43:28 CEST 2020: } (Children of Naproche-SAD)
Tue Jun 30 19:43:28 CEST 2020: Children of Naproche-SAD {
Tue Jun 30 19:43:28 CEST 2020: } (Children of Naproche-SAD)
Tue Jun 30 19:43:28 CEST 2020: Children of nlab {
Tue Jun 30 19:43:28 CEST 2020: } (Children of nlab)
Tue Jun 30 19:43:28 CEST 2020: Children of npentrel {
Tue Jun 30 19:43:28 CEST 2020: } (Children of npentrel)
Tue Jun 30 19:43:28 CEST 2020: Children of nthiery {
Tue Jun 30 19:43:28 CEST 2020: } (Children of nthiery)
Tue Jun 30 19:43:28 CEST 2020: Children of ODK {
Tue Jun 30 19:43:28 CEST 2020: } (Children of ODK)
Tue Jun 30 19:43:28 CEST 2020: Children of ODK {
Tue Jun 30 19:43:28 CEST 2020: } (Children of ODK)
Tue Jun 30 19:43:28 CEST 2020: Children of oeis {
Tue Jun 30 19:43:28 CEST 2020: } (Children of oeis)
Tue Jun 30 19:43:28 CEST 2020: Children of oeis {
Tue Jun 30 19:43:28 CEST 2020: } (Children of oeis)
Tue Jun 30 19:43:28 CEST 2020: Children of oeis {
Tue Jun 30 19:43:28 CEST 2020: } (Children of oeis)
Tue Jun 30 19:43:28 CEST 2020: Children of PVS {
Tue Jun 30 19:43:28 CEST 2020: } (Children of PVS)
Tue Jun 30 19:43:28 CEST 2020: Children of SaschaDoerflein {
Tue Jun 30 19:43:28 CEST 2020: } (Children of SaschaDoerflein)
Tue Jun 30 19:43:28 CEST 2020: Children of scucoco {
Tue Jun 30 19:43:29 CEST 2020: } (Children of scucoco)
Tue Jun 30 19:43:29 CEST 2020: Children of ServiceDesk {
Tue Jun 30 19:43:29 CEST 2020: } (Children of ServiceDesk)
Tue Jun 30 19:43:29 CEST 2020: Children of smglom {
Tue Jun 30 19:43:29 CEST 2020: } (Children of smglom)
Tue Jun 30 19:43:29 CEST 2020: Children of Specware {
Tue Jun 30 19:43:29 CEST 2020: } (Children of Specware)
Tue Jun 30 19:43:29 CEST 2020: Children of Specware {
Tue Jun 30 19:43:29 CEST 2020: } (Children of Specware)
Tue Jun 30 19:43:29 CEST 2020: Children of Specware {
Tue Jun 30 19:43:29 CEST 2020: } (Children of Specware)
Tue Jun 30 19:43:29 CEST 2020: Children of Specware {
Tue Jun 30 19:43:29 CEST 2020: } (Children of Specware)
Tue Jun 30 19:43:29 CEST 2020: Children of Specware {
Tue Jun 30 19:43:29 CEST 2020: } (Children of Specware)
Tue Jun 30 19:43:29 CEST 2020: Children of Specware {
Tue Jun 30 19:43:29 CEST 2020: } (Children of Specware)
Tue Jun 30 19:43:30 CEST 2020: Children of Specware {
Tue Jun 30 19:43:30 CEST 2020: } (Children of Specware)
Tue Jun 30 19:43:30 CEST 2020: Children of Specware {
Tue Jun 30 19:43:30 CEST 2020: } (Children of Specware)
Tue Jun 30 19:43:30 CEST 2020: Children of Specware {
Tue Jun 30 19:43:30 CEST 2020: } (Children of Specware)
Tue Jun 30 19:43:30 CEST 2020: Children of Specware {
Tue Jun 30 19:43:30 CEST 2020: } (Children of Specware)
Tue Jun 30 19:43:30 CEST 2020: Children of Specware {
Tue Jun 30 19:43:30 CEST 2020: } (Children of Specware)
Tue Jun 30 19:43:31 CEST 2020: Children of Specware {
Tue Jun 30 19:43:31 CEST 2020: } (Children of Specware)
Tue Jun 30 19:43:31 CEST 2020: Children of Specware {
Tue Jun 30 19:43:31 CEST 2020: } (Children of Specware)
Tue Jun 30 19:43:31 CEST 2020: Children of SvenWille {
Tue Jun 30 19:43:31 CEST 2020: } (Children of SvenWille)
Tue Jun 30 19:43:31 CEST 2020: Children of symmetric-objects {
Tue Jun 30 19:43:31 CEST 2020: } (Children of symmetric-objects)
Tue Jun 30 19:43:31 CEST 2020: Children of Teaching {
Tue Jun 30 19:43:31 CEST 2020: } (Children of Teaching)
Tue Jun 30 19:43:31 CEST 2020: Children of Test {
Tue Jun 30 19:43:31 CEST 2020: } (Children of Test)
Tue Jun 30 19:43:31 CEST 2020: Children of testing {
Tue Jun 30 19:43:31 CEST 2020: } (Children of testing)
Tue Jun 30 19:43:31 CEST 2020: Children of Theorema {
Tue Jun 30 19:43:31 CEST 2020: } (Children of Theorema)
Tue Jun 30 19:43:31 CEST 2020: Children of thesis {
Tue Jun 30 19:43:32 CEST 2020: } (Children of thesis)
Tue Jun 30 19:43:32 CEST 2020: Children of Tianlinliu {
Tue Jun 30 19:43:32 CEST 2020: } (Children of Tianlinliu)
Tue Jun 30 19:43:32 CEST 2020: Children of tps {
Tue Jun 30 19:43:32 CEST 2020: } (Children of tps)
Tue Jun 30 19:43:32 CEST 2020: Children of tptp {
Tue Jun 30 19:43:32 CEST 2020: } (Children of tptp)
Tue Jun 30 19:43:32 CEST 2020: Children of Tutorials {
Tue Jun 30 19:43:32 CEST 2020: } (Children of Tutorials)
Tue Jun 30 19:43:32 CEST 2020: Children of twiesing {
Tue Jun 30 19:43:32 CEST 2020: } (Children of twiesing)
Tue Jun 30 19:43:32 CEST 2020: Children of ulo {
Tue Jun 30 19:43:32 CEST 2020: } (Children of ulo)
Tue Jun 30 19:43:32 CEST 2020: Children of urabenstein {
Tue Jun 30 19:43:32 CEST 2020: } (Children of urabenstein)
Tue Jun 30 19:43:32 CEST 2020: Creating MathHub-Node {
Tue Jun 30 19:43:32 CEST 2020: } (Creating MathHub-Node)
Tue Jun 30 19:43:32 CEST 2020: Children of FrameIt {
Tue Jun 30 19:43:32 CEST 2020: } (Children of FrameIt)
Tue Jun 30 19:43:32 CEST 2020: Children of MitM {
Tue Jun 30 19:43:32 CEST 2020: } (Children of MitM)
Tue Jun 30 19:43:32 CEST 2020: Children of MMT {
Tue Jun 30 19:43:32 CEST 2020: } (Children of MMT)
Tue Jun 30 19:43:32 CEST 2020: Children of alezza {
Tue Jun 30 19:43:32 CEST 2020: } (Children of alezza)
Tue Jun 30 19:43:32 CEST 2020: Children of alignments {
Tue Jun 30 19:43:32 CEST 2020: } (Children of alignments)
Tue Jun 30 19:43:32 CEST 2020: Children of Almanac {
Tue Jun 30 19:43:32 CEST 2020: } (Children of Almanac)
Tue Jun 30 19:43:32 CEST 2020: Children of angerhang {
Tue Jun 30 19:43:32 CEST 2020: } (Children of angerhang)
Tue Jun 30 19:43:32 CEST 2020: Children of BaseMH {
Tue Jun 30 19:43:32 CEST 2020: } (Children of BaseMH)
Tue Jun 30 19:43:32 CEST 2020: Children of ChristophGeist {
Tue Jun 30 19:43:33 CEST 2020: } (Children of ChristophGeist)
Tue Jun 30 19:43:33 CEST 2020: Children of comma {
Tue Jun 30 19:43:33 CEST 2020: } (Children of comma)
Tue Jun 30 19:43:33 CEST 2020: Children of Coq {
Tue Jun 30 19:43:33 CEST 2020: } (Children of Coq)
Tue Jun 30 19:43:33 CEST 2020: Children of Coqxml {
Tue Jun 30 19:43:33 CEST 2020: } (Children of Coqxml)
Tue Jun 30 19:43:33 CEST 2020: Children of dedukti {
Tue Jun 30 19:43:33 CEST 2020: } (Children of dedukti)
Tue Jun 30 19:43:33 CEST 2020: Children of digama0 {
Tue Jun 30 19:43:33 CEST 2020: } (Children of digama0)
Tue Jun 30 19:43:33 CEST 2020: Children of digama0 {
Tue Jun 30 19:43:33 CEST 2020: } (Children of digama0)
Tue Jun 30 19:43:33 CEST 2020: Children of elpi {
Tue Jun 30 19:43:33 CEST 2020: } (Children of elpi)
Tue Jun 30 19:43:33 CEST 2020: Children of focalize {
Tue Jun 30 19:43:33 CEST 2020: } (Children of focalize)
Tue Jun 30 19:43:33 CEST 2020: Children of FrameIT {
Tue Jun 30 19:43:33 CEST 2020: } (Children of FrameIT)
Tue Jun 30 19:43:33 CEST 2020: Children of HelloWorld {
Tue Jun 30 19:43:33 CEST 2020: } (Children of HelloWorld)
Tue Jun 30 19:43:33 CEST 2020: Children of hkroeger {
Tue Jun 30 19:43:33 CEST 2020: } (Children of hkroeger)
Tue Jun 30 19:43:33 CEST 2020: Children of HOL-Light {
Tue Jun 30 19:43:34 CEST 2020: } (Children of HOL-Light)
Tue Jun 30 19:43:34 CEST 2020: Children of HOLLight {
Tue Jun 30 19:43:34 CEST 2020: } (Children of HOLLight)
Tue Jun 30 19:43:34 CEST 2020: Children of HOLLight {
Tue Jun 30 19:43:34 CEST 2020: } (Children of HOLLight)
Tue Jun 30 19:43:34 CEST 2020: Children of HOLLight {
Tue Jun 30 19:43:34 CEST 2020: } (Children of HOLLight)
Tue Jun 30 19:43:34 CEST 2020: Children of IMPS {
Tue Jun 30 19:43:34 CEST 2020: } (Children of IMPS)
Tue Jun 30 19:43:34 CEST 2020: Children of informal {
Tue Jun 30 19:43:34 CEST 2020: } (Children of informal)
Tue Jun 30 19:43:34 CEST 2020: Children of Isabelle {
Tue Jun 30 19:43:34 CEST 2020: } (Children of Isabelle)
Tue Jun 30 19:43:34 CEST 2020: Children of itoloaca {
Tue Jun 30 19:43:34 CEST 2020: } (Children of itoloaca)
Tue Jun 30 19:43:34 CEST 2020: Children of jbs {
Tue Jun 30 19:43:34 CEST 2020: } (Children of jbs)
Tue Jun 30 19:43:34 CEST 2020: Children of jbs {
Tue Jun 30 19:43:34 CEST 2020: } (Children of jbs)
Tue Jun 30 19:43:34 CEST 2020: Children of jinzhang {
Tue Jun 30 19:43:34 CEST 2020: } (Children of jinzhang)
Tue Jun 30 19:43:34 CEST 2020: Children of jlogic {
Tue Jun 30 19:43:34 CEST 2020: } (Children of jlogic)
Tue Jun 30 19:43:34 CEST 2020: Children of jschefter {
Tue Jun 30 19:43:34 CEST 2020: } (Children of jschefter)
Tue Jun 30 19:43:38 CEST 2020: Children of jucovschi {
Tue Jun 30 19:43:38 CEST 2020: } (Children of jucovschi)
Tue Jun 30 19:43:38 CEST 2020: Children of jucovschi {
Tue Jun 30 19:43:38 CEST 2020: } (Children of jucovschi)
Tue Jun 30 19:43:38 CEST 2020: Children of jucovschi {
Tue Jun 30 19:43:38 CEST 2020: } (Children of jucovschi)
Tue Jun 30 19:43:38 CEST 2020: Children of KwarcMH {
Tue Jun 30 19:43:38 CEST 2020: } (Children of KwarcMH)
Tue Jun 30 19:43:38 CEST 2020: Children of MaMoReD {
Tue Jun 30 19:43:38 CEST 2020: } (Children of MaMoReD)
Tue Jun 30 19:43:39 CEST 2020: Children of markuspf {
Tue Jun 30 19:43:39 CEST 2020: } (Children of markuspf)
Tue Jun 30 19:43:39 CEST 2020: Children of mathwebsearch {
Tue Jun 30 19:43:39 CEST 2020: } (Children of mathwebsearch)
Tue Jun 30 19:43:39 CEST 2020: Children of mathwebsearch {
Tue Jun 30 19:43:39 CEST 2020: } (Children of mathwebsearch)
Tue Jun 30 19:43:39 CEST 2020: Children of meta {
Tue Jun 30 19:43:39 CEST 2020: } (Children of meta)
Tue Jun 30 19:43:39 CEST 2020: Children of Metamath {
Tue Jun 30 19:43:39 CEST 2020: } (Children of Metamath)
Tue Jun 30 19:43:39 CEST 2020: Children of miancu {
Tue Jun 30 19:43:39 CEST 2020: } (Children of miancu)
Tue Jun 30 19:43:39 CEST 2020: Children of MiKoAttic {
Tue Jun 30 19:43:39 CEST 2020: } (Children of MiKoAttic)
Tue Jun 30 19:43:39 CEST 2020: Children of MiKoMH {
Tue Jun 30 19:43:39 CEST 2020: } (Children of MiKoMH)
Tue Jun 30 19:43:39 CEST 2020: Children of Mizar {
Tue Jun 30 19:43:39 CEST 2020: } (Children of Mizar)
Tue Jun 30 19:43:40 CEST 2020: Children of mkohlhase {
Tue Jun 30 19:43:40 CEST 2020: } (Children of mkohlhase)
Tue Jun 30 19:43:40 CEST 2020: Children of MMATh {
Tue Jun 30 19:43:40 CEST 2020: } (Children of MMATh)
Tue Jun 30 19:43:40 CEST 2020: Children of Naproche-SAD {
Tue Jun 30 19:43:40 CEST 2020: } (Children of Naproche-SAD)
Tue Jun 30 19:43:40 CEST 2020: Children of nlab {
Tue Jun 30 19:43:40 CEST 2020: } (Children of nlab)
Tue Jun 30 19:43:40 CEST 2020: Children of npentrel {
Tue Jun 30 19:43:40 CEST 2020: } (Children of npentrel)
Tue Jun 30 19:43:40 CEST 2020: Children of nthiery {
Tue Jun 30 19:43:40 CEST 2020: } (Children of nthiery)
Tue Jun 30 19:43:40 CEST 2020: Children of ODK {
Tue Jun 30 19:43:40 CEST 2020: } (Children of ODK)
Tue Jun 30 19:43:40 CEST 2020: Children of oeis {
Tue Jun 30 19:43:40 CEST 2020: } (Children of oeis)
Tue Jun 30 19:43:40 CEST 2020: Children of oeis {
Tue Jun 30 19:43:40 CEST 2020: } (Children of oeis)
Tue Jun 30 19:43:41 CEST 2020: Children of PVS {
Tue Jun 30 19:43:41 CEST 2020: } (Children of PVS)
Tue Jun 30 19:43:41 CEST 2020: Children of SaschaDoerflein {
Tue Jun 30 19:43:41 CEST 2020: } (Children of SaschaDoerflein)
Tue Jun 30 19:43:41 CEST 2020: Children of scucoco {
Tue Jun 30 19:43:41 CEST 2020: } (Children of scucoco)
Tue Jun 30 19:43:41 CEST 2020: Children of ServiceDesk {
Tue Jun 30 19:43:41 CEST 2020: } (Children of ServiceDesk)
Tue Jun 30 19:43:42 CEST 2020: Children of smglom {
Tue Jun 30 19:43:42 CEST 2020: } (Children of smglom)
Tue Jun 30 19:43:42 CEST 2020: Children of Specware {
Tue Jun 30 19:43:42 CEST 2020: } (Children of Specware)
Tue Jun 30 19:43:42 CEST 2020: Children of SvenWille {
Tue Jun 30 19:43:42 CEST 2020: } (Children of SvenWille)
Tue Jun 30 19:43:42 CEST 2020: Children of symmetric-objects {
Tue Jun 30 19:43:42 CEST 2020: } (Children of symmetric-objects)
Tue Jun 30 19:43:42 CEST 2020: Children of Teaching {
Tue Jun 30 19:43:42 CEST 2020: } (Children of Teaching)
Tue Jun 30 19:43:42 CEST 2020: Children of Test {
Tue Jun 30 19:43:42 CEST 2020: } (Children of Test)
Tue Jun 30 19:43:42 CEST 2020: Children of testing {
Tue Jun 30 19:43:42 CEST 2020: } (Children of testing)
Tue Jun 30 19:43:42 CEST 2020: Children of Theorema {
Tue Jun 30 19:43:42 CEST 2020: } (Children of Theorema)
Tue Jun 30 19:43:42 CEST 2020: Children of thesis {
Tue Jun 30 19:43:42 CEST 2020: } (Children of thesis)
Tue Jun 30 19:43:42 CEST 2020: Children of Tianlinliu {
Tue Jun 30 19:43:42 CEST 2020: } (Children of Tianlinliu)
Tue Jun 30 19:43:42 CEST 2020: Children of tps {
Tue Jun 30 19:43:42 CEST 2020: } (Children of tps)
Tue Jun 30 19:43:42 CEST 2020: Children of tptp {
Tue Jun 30 19:43:42 CEST 2020: } (Children of tptp)
Tue Jun 30 19:43:43 CEST 2020: Children of Tutorials {
Tue Jun 30 19:43:43 CEST 2020: } (Children of Tutorials)
Tue Jun 30 19:43:43 CEST 2020: Children of twiesing {
Tue Jun 30 19:43:43 CEST 2020: } (Children of twiesing)
Tue Jun 30 19:43:43 CEST 2020: Children of ulo {
Tue Jun 30 19:43:43 CEST 2020: } (Children of ulo)
Tue Jun 30 19:43:43 CEST 2020: Children of urabenstein {
Tue Jun 30 19:43:43 CEST 2020: } (Children of urabenstein)
Tue Jun 30 19:44:17 CEST 2020: Creating MathHub-Node {
Tue Jun 30 19:44:17 CEST 2020: } (Creating MathHub-Node)
Tue Jun 30 19:44:17 CEST 2020: Children of FrameIt {
Tue Jun 30 19:44:17 CEST 2020: } (Children of FrameIt)
Tue Jun 30 19:44:17 CEST 2020: Children of FrameIt {
Tue Jun 30 19:44:17 CEST 2020: } (Children of FrameIt)
Tue Jun 30 19:44:18 CEST 2020: Children of MitM {
Tue Jun 30 19:44:18 CEST 2020: } (Children of MitM)
Tue Jun 30 19:44:18 CEST 2020: Children of MMT {
Tue Jun 30 19:44:18 CEST 2020: } (Children of MMT)
Tue Jun 30 19:44:19 CEST 2020: Children of MMT {
Tue Jun 30 19:44:19 CEST 2020: } (Children of MMT)
Tue Jun 30 19:44:19 CEST 2020: Children of alezza {
Tue Jun 30 19:44:19 CEST 2020: } (Children of alezza)
Tue Jun 30 19:44:19 CEST 2020: Children of alignments {
Tue Jun 30 19:44:19 CEST 2020: } (Children of alignments)
Tue Jun 30 19:44:19 CEST 2020: Children of Almanac {
Tue Jun 30 19:44:19 CEST 2020: } (Children of Almanac)
Tue Jun 30 19:44:19 CEST 2020: Children of angerhang {
Tue Jun 30 19:44:19 CEST 2020: } (Children of angerhang)
Tue Jun 30 19:44:19 CEST 2020: Children of angerhang {
Tue Jun 30 19:44:20 CEST 2020: } (Children of angerhang)
Tue Jun 30 19:44:20 CEST 2020: Children of BaseMH {
Tue Jun 30 19:44:20 CEST 2020: } (Children of BaseMH)
Tue Jun 30 19:44:21 CEST 2020: Children of ChristophGeist {
Tue Jun 30 19:44:21 CEST 2020: } (Children of ChristophGeist)
Tue Jun 30 19:44:21 CEST 2020: Children of comma {
Tue Jun 30 19:44:21 CEST 2020: } (Children of comma)
Tue Jun 30 19:44:21 CEST 2020: Children of comma {
Tue Jun 30 19:44:21 CEST 2020: } (Children of comma)
Tue Jun 30 19:44:21 CEST 2020: Children of comma {
Tue Jun 30 19:44:21 CEST 2020: } (Children of comma)
Tue Jun 30 19:44:22 CEST 2020: Children of comma {
Tue Jun 30 19:44:22 CEST 2020: } (Children of comma)
Tue Jun 30 19:44:22 CEST 2020: Children of comma {
Tue Jun 30 19:44:22 CEST 2020: } (Children of comma)
Tue Jun 30 19:44:22 CEST 2020: Children of Coq {
Tue Jun 30 19:44:22 CEST 2020: } (Children of Coq)
Tue Jun 30 19:44:22 CEST 2020: Children of Coq {
Tue Jun 30 19:44:22 CEST 2020: } (Children of Coq)
Tue Jun 30 19:44:22 CEST 2020: Children of Coqxml {
Tue Jun 30 19:44:22 CEST 2020: } (Children of Coqxml)
Tue Jun 30 19:44:22 CEST 2020: Children of Coqxml {
Tue Jun 30 19:44:22 CEST 2020: } (Children of Coqxml)
Tue Jun 30 19:44:22 CEST 2020: Children of Coqxml {
Tue Jun 30 19:44:22 CEST 2020: } (Children of Coqxml)
Tue Jun 30 19:44:22 CEST 2020: Children of Coqxml {
Tue Jun 30 19:44:22 CEST 2020: } (Children of Coqxml)
Tue Jun 30 19:44:22 CEST 2020: Children of Coqxml {
Tue Jun 30 19:44:22 CEST 2020: } (Children of Coqxml)
Tue Jun 30 19:44:22 CEST 2020: Children of Coqxml {
Tue Jun 30 19:44:22 CEST 2020: } (Children of Coqxml)
Tue Jun 30 19:44:22 CEST 2020: Children of Coqxml {
Tue Jun 30 19:44:22 CEST 2020: } (Children of Coqxml)
Tue Jun 30 19:44:22 CEST 2020: Children of Coqxml {
Tue Jun 30 19:44:22 CEST 2020: } (Children of Coqxml)
Tue Jun 30 19:44:22 CEST 2020: Children of Coqxml {
Tue Jun 30 19:44:23 CEST 2020: } (Children of Coqxml)
Tue Jun 30 19:44:23 CEST 2020: Children of Coqxml {
Tue Jun 30 19:44:23 CEST 2020: } (Children of Coqxml)
Tue Jun 30 19:44:23 CEST 2020: Children of Coqxml {
Tue Jun 30 19:44:23 CEST 2020: } (Children of Coqxml)
Tue Jun 30 19:44:23 CEST 2020: Children of Coqxml {
Tue Jun 30 19:44:23 CEST 2020: } (Children of Coqxml)
Tue Jun 30 19:44:23 CEST 2020: Children of Coqxml {
Tue Jun 30 19:44:23 CEST 2020: } (Children of Coqxml)
Tue Jun 30 19:44:23 CEST 2020: Children of dedukti {
Tue Jun 30 19:44:23 CEST 2020: } (Children of dedukti)
Tue Jun 30 19:44:23 CEST 2020: Children of dedukti {
Tue Jun 30 19:44:23 CEST 2020: } (Children of dedukti)
Tue Jun 30 19:44:23 CEST 2020: Children of digama0 {
Tue Jun 30 19:44:23 CEST 2020: } (Children of digama0)
Tue Jun 30 19:44:23 CEST 2020: Children of elpi {
Tue Jun 30 19:44:23 CEST 2020: } (Children of elpi)
Tue Jun 30 19:44:23 CEST 2020: Children of focalize {
Tue Jun 30 19:44:23 CEST 2020: } (Children of focalize)
Tue Jun 30 19:44:23 CEST 2020: Children of FrameIT {
Tue Jun 30 19:44:24 CEST 2020: } (Children of FrameIT)
Tue Jun 30 19:44:24 CEST 2020: Children of FrameIT {
Tue Jun 30 19:44:24 CEST 2020: } (Children of FrameIT)
Tue Jun 30 19:44:24 CEST 2020: Children of FrameIT {
Tue Jun 30 19:44:24 CEST 2020: } (Children of FrameIT)
Tue Jun 30 19:44:24 CEST 2020: Children of FrameIT {
Tue Jun 30 19:44:24 CEST 2020: } (Children of FrameIT)
Tue Jun 30 19:44:24 CEST 2020: Children of FrameIT {
Tue Jun 30 19:44:24 CEST 2020: } (Children of FrameIT)
Tue Jun 30 19:44:24 CEST 2020: Children of FrameIT {
Tue Jun 30 19:44:24 CEST 2020: } (Children of FrameIT)
Tue Jun 30 19:44:24 CEST 2020: Children of FrameIT {
Tue Jun 30 19:44:24 CEST 2020: } (Children of FrameIT)
Tue Jun 30 19:44:24 CEST 2020: Children of FrameIT {
Tue Jun 30 19:44:24 CEST 2020: } (Children of FrameIT)
Tue Jun 30 19:44:24 CEST 2020: Children of FrameIT {
Tue Jun 30 19:44:24 CEST 2020: } (Children of FrameIT)
Tue Jun 30 19:44:24 CEST 2020: Children of HelloWorld {
Tue Jun 30 19:44:24 CEST 2020: } (Children of HelloWorld)
Tue Jun 30 19:44:24 CEST 2020: Children of hkroeger {
Tue Jun 30 19:44:24 CEST 2020: } (Children of hkroeger)
Tue Jun 30 19:44:24 CEST 2020: Children of HOL-Light {
Tue Jun 30 19:44:24 CEST 2020: } (Children of HOL-Light)
Tue Jun 30 19:44:24 CEST 2020: Children of HOLLight {
Tue Jun 30 19:44:24 CEST 2020: } (Children of HOLLight)
Tue Jun 30 19:44:24 CEST 2020: Children of IMPS {
Tue Jun 30 19:44:24 CEST 2020: } (Children of IMPS)
Tue Jun 30 19:44:24 CEST 2020: Children of informal {
Tue Jun 30 19:44:24 CEST 2020: } (Children of informal)
Tue Jun 30 19:44:24 CEST 2020: Children of Isabelle {
Tue Jun 30 19:44:24 CEST 2020: } (Children of Isabelle)
Tue Jun 30 19:44:24 CEST 2020: Children of itoloaca {
Tue Jun 30 19:44:25 CEST 2020: } (Children of itoloaca)
Tue Jun 30 19:44:25 CEST 2020: Children of jbs {
Tue Jun 30 19:44:25 CEST 2020: } (Children of jbs)
Tue Jun 30 19:44:25 CEST 2020: Children of jbs {
Tue Jun 30 19:44:25 CEST 2020: } (Children of jbs)
Tue Jun 30 19:44:25 CEST 2020: Creating MathHub-Node {
Tue Jun 30 19:44:25 CEST 2020:  - Process cancelled by IDE
Tue Jun 30 19:44:25 CEST 2020: } (Creating MathHub-Node)
Tue Jun 30 19:44:25 CEST 2020: Creating MathHub-Node {
Tue Jun 30 19:44:25 CEST 2020: } (Creating MathHub-Node)
Tue Jun 30 19:44:25 CEST 2020: Children of FrameIt {
Tue Jun 30 19:44:25 CEST 2020: } (Children of FrameIt)
Tue Jun 30 19:44:25 CEST 2020: Children of MitM {
Tue Jun 30 19:44:25 CEST 2020: } (Children of MitM)
Tue Jun 30 19:44:25 CEST 2020: Children of MMT {
Tue Jun 30 19:44:25 CEST 2020: } (Children of MMT)
Tue Jun 30 19:44:25 CEST 2020: Children of alezza {
Tue Jun 30 19:44:25 CEST 2020: } (Children of alezza)
Tue Jun 30 19:44:25 CEST 2020: Children of alignments {
Tue Jun 30 19:44:25 CEST 2020: } (Children of alignments)
Tue Jun 30 19:44:25 CEST 2020: Children of alignments {
Tue Jun 30 19:44:25 CEST 2020: } (Children of alignments)
Tue Jun 30 19:44:25 CEST 2020: Children of Almanac {
Tue Jun 30 19:44:25 CEST 2020: } (Children of Almanac)
Tue Jun 30 19:44:25 CEST 2020: Children of angerhang {
Tue Jun 30 19:44:25 CEST 2020: } (Children of angerhang)
Tue Jun 30 19:44:25 CEST 2020: Children of angerhang {
Tue Jun 30 19:44:25 CEST 2020: } (Children of angerhang)
Tue Jun 30 19:44:25 CEST 2020: Children of angerhang {
Tue Jun 30 19:44:25 CEST 2020: } (Children of angerhang)
Tue Jun 30 19:44:25 CEST 2020: Children of BaseMH {
Tue Jun 30 19:44:25 CEST 2020: } (Children of BaseMH)
Tue Jun 30 19:44:25 CEST 2020: Children of ChristophGeist {
Tue Jun 30 19:44:25 CEST 2020: } (Children of ChristophGeist)
Tue Jun 30 19:44:25 CEST 2020: Children of ChristophGeist {
Tue Jun 30 19:44:25 CEST 2020: } (Children of ChristophGeist)
Tue Jun 30 19:44:25 CEST 2020: Children of ChristophGeist {
Tue Jun 30 19:44:26 CEST 2020: } (Children of ChristophGeist)
Tue Jun 30 19:44:26 CEST 2020: Children of ChristophGeist {
Tue Jun 30 19:44:26 CEST 2020: } (Children of ChristophGeist)
Tue Jun 30 19:44:26 CEST 2020: Children of comma {
Tue Jun 30 19:44:26 CEST 2020: } (Children of comma)
Tue Jun 30 19:44:26 CEST 2020: Children of comma {
Tue Jun 30 19:44:26 CEST 2020: } (Children of comma)
Tue Jun 30 19:44:26 CEST 2020: Children of Coq {
Tue Jun 30 19:44:26 CEST 2020: } (Children of Coq)
Tue Jun 30 19:44:26 CEST 2020: Children of Coqxml {
Tue Jun 30 19:44:26 CEST 2020: } (Children of Coqxml)
Tue Jun 30 19:44:26 CEST 2020: Children of dedukti {
Tue Jun 30 19:44:26 CEST 2020: } (Children of dedukti)
Tue Jun 30 19:44:26 CEST 2020: Children of digama0 {
Tue Jun 30 19:44:26 CEST 2020: } (Children of digama0)
Tue Jun 30 19:44:26 CEST 2020: Children of elpi {
Tue Jun 30 19:44:26 CEST 2020: } (Children of elpi)
Tue Jun 30 19:44:26 CEST 2020: Children of focalize {
Tue Jun 30 19:44:26 CEST 2020: } (Children of focalize)
Tue Jun 30 19:44:26 CEST 2020: Children of FrameIT {
Tue Jun 30 19:44:26 CEST 2020: } (Children of FrameIT)
Tue Jun 30 19:44:26 CEST 2020: Children of HelloWorld {
Tue Jun 30 19:44:26 CEST 2020: } (Children of HelloWorld)
Tue Jun 30 19:44:26 CEST 2020: Children of HelloWorld {
Tue Jun 30 19:44:26 CEST 2020: } (Children of HelloWorld)
Tue Jun 30 19:44:26 CEST 2020: Children of hkroeger {
Tue Jun 30 19:44:26 CEST 2020: } (Children of hkroeger)
Tue Jun 30 19:44:26 CEST 2020: Children of hkroeger {
Tue Jun 30 19:44:26 CEST 2020: } (Children of hkroeger)
Tue Jun 30 19:44:26 CEST 2020: Children of hkroeger {
Tue Jun 30 19:44:26 CEST 2020: } (Children of hkroeger)
Tue Jun 30 19:44:26 CEST 2020: Children of hkroeger {
Tue Jun 30 19:44:26 CEST 2020: } (Children of hkroeger)
Tue Jun 30 19:44:26 CEST 2020: Children of HOL-Light {
Tue Jun 30 19:44:26 CEST 2020: } (Children of HOL-Light)
Tue Jun 30 19:44:26 CEST 2020: Children of HOLLight {
Tue Jun 30 19:44:26 CEST 2020: } (Children of HOLLight)
Tue Jun 30 19:44:26 CEST 2020: Children of HOLLight {
Tue Jun 30 19:44:26 CEST 2020: } (Children of HOLLight)
Tue Jun 30 19:44:26 CEST 2020: Children of IMPS {
Tue Jun 30 19:44:27 CEST 2020: } (Children of IMPS)
Tue Jun 30 19:44:27 CEST 2020: Children of informal {
Tue Jun 30 19:44:27 CEST 2020: } (Children of informal)
Tue Jun 30 19:44:27 CEST 2020: Children of Isabelle {
Tue Jun 30 19:44:27 CEST 2020: } (Children of Isabelle)
Tue Jun 30 19:44:27 CEST 2020: Children of itoloaca {
Tue Jun 30 19:44:27 CEST 2020: } (Children of itoloaca)
Tue Jun 30 19:44:27 CEST 2020: Children of jbs {
Tue Jun 30 19:44:27 CEST 2020: } (Children of jbs)
Tue Jun 30 19:44:27 CEST 2020: Children of jbs {
Tue Jun 30 19:44:27 CEST 2020: } (Children of jbs)
Tue Jun 30 19:44:27 CEST 2020: Children of jinzhang {
Tue Jun 30 19:44:27 CEST 2020: } (Children of jinzhang)
Tue Jun 30 19:44:27 CEST 2020: Children of jlogic {
Tue Jun 30 19:44:27 CEST 2020: } (Children of jlogic)
Tue Jun 30 19:44:27 CEST 2020: Children of jschefter {
Tue Jun 30 19:44:27 CEST 2020: } (Children of jschefter)
Tue Jun 30 19:44:27 CEST 2020: Children of jucovschi {
Tue Jun 30 19:44:27 CEST 2020: } (Children of jucovschi)
Tue Jun 30 19:44:27 CEST 2020: Children of KwarcMH {
Tue Jun 30 19:44:27 CEST 2020: } (Children of KwarcMH)
Tue Jun 30 19:44:27 CEST 2020: Children of MaMoReD {
Tue Jun 30 19:44:27 CEST 2020: } (Children of MaMoReD)
Tue Jun 30 19:44:27 CEST 2020: Children of MaMoReD {
Tue Jun 30 19:44:27 CEST 2020: } (Children of MaMoReD)
Tue Jun 30 19:44:27 CEST 2020: Children of markuspf {
Tue Jun 30 19:44:27 CEST 2020: } (Children of markuspf)
Tue Jun 30 19:44:27 CEST 2020: Children of mathwebsearch {
Tue Jun 30 19:44:27 CEST 2020: } (Children of mathwebsearch)
Tue Jun 30 19:44:27 CEST 2020: Children of meta {
Tue Jun 30 19:44:27 CEST 2020: } (Children of meta)
Tue Jun 30 19:44:27 CEST 2020: Children of Metamath {
Tue Jun 30 19:44:27 CEST 2020: } (Children of Metamath)
Tue Jun 30 19:44:27 CEST 2020: Children of miancu {
Tue Jun 30 19:44:27 CEST 2020: } (Children of miancu)
Tue Jun 30 19:44:27 CEST 2020: Children of MiKoAttic {
Tue Jun 30 19:44:27 CEST 2020: } (Children of MiKoAttic)
Tue Jun 30 19:44:27 CEST 2020: Children of MiKoMH {
Tue Jun 30 19:44:27 CEST 2020: } (Children of MiKoMH)
Tue Jun 30 19:44:27 CEST 2020: Children of Mizar {
Tue Jun 30 19:44:27 CEST 2020: } (Children of Mizar)
Tue Jun 30 19:44:27 CEST 2020: Children of mkohlhase {
Tue Jun 30 19:44:27 CEST 2020: } (Children of mkohlhase)
Tue Jun 30 19:44:27 CEST 2020: Children of MMATh {
Tue Jun 30 19:44:27 CEST 2020: } (Children of MMATh)
Tue Jun 30 19:44:27 CEST 2020: Children of Naproche-SAD {
Tue Jun 30 19:44:27 CEST 2020: } (Children of Naproche-SAD)
Tue Jun 30 19:44:28 CEST 2020: Children of nlab {
Tue Jun 30 19:44:28 CEST 2020: } (Children of nlab)
Tue Jun 30 19:44:28 CEST 2020: Children of npentrel {
Tue Jun 30 19:44:28 CEST 2020: } (Children of npentrel)
Tue Jun 30 19:44:28 CEST 2020: Children of nthiery {
Tue Jun 30 19:44:28 CEST 2020: } (Children of nthiery)
Tue Jun 30 19:44:28 CEST 2020: Children of ODK {
Tue Jun 30 19:44:28 CEST 2020: } (Children of ODK)
Tue Jun 30 19:44:28 CEST 2020: Children of oeis {
Tue Jun 30 19:44:28 CEST 2020: } (Children of oeis)
Tue Jun 30 19:44:28 CEST 2020: Children of PVS {
Tue Jun 30 19:44:28 CEST 2020: } (Children of PVS)
Tue Jun 30 19:44:28 CEST 2020: Children of SaschaDoerflein {
Tue Jun 30 19:44:28 CEST 2020: } (Children of SaschaDoerflein)
Tue Jun 30 19:44:28 CEST 2020: Children of scucoco {
Tue Jun 30 19:44:29 CEST 2020: } (Children of scucoco)
Tue Jun 30 19:44:29 CEST 2020: Children of ServiceDesk {
Tue Jun 30 19:44:29 CEST 2020: } (Children of ServiceDesk)
Tue Jun 30 19:44:29 CEST 2020: Children of smglom {
Tue Jun 30 19:44:29 CEST 2020: } (Children of smglom)
Tue Jun 30 19:44:29 CEST 2020: Children of Specware {
Tue Jun 30 19:44:29 CEST 2020: } (Children of Specware)
Tue Jun 30 19:44:29 CEST 2020: Children of SvenWille {
Tue Jun 30 19:44:29 CEST 2020: } (Children of SvenWille)
Tue Jun 30 19:44:29 CEST 2020: Children of symmetric-objects {
Tue Jun 30 19:44:29 CEST 2020: } (Children of symmetric-objects)
Tue Jun 30 19:44:29 CEST 2020: Children of Teaching {
Tue Jun 30 19:44:29 CEST 2020: } (Children of Teaching)
Tue Jun 30 19:44:29 CEST 2020: Children of Test {
Tue Jun 30 19:44:29 CEST 2020: } (Children of Test)
Tue Jun 30 19:44:29 CEST 2020: Children of testing {
Tue Jun 30 19:44:29 CEST 2020: } (Children of testing)
Tue Jun 30 19:44:29 CEST 2020: Children of Theorema {
Tue Jun 30 19:44:29 CEST 2020: } (Children of Theorema)
Tue Jun 30 19:44:29 CEST 2020: Children of thesis {
Tue Jun 30 19:44:29 CEST 2020: } (Children of thesis)
Tue Jun 30 19:44:29 CEST 2020: Children of Tianlinliu {
Tue Jun 30 19:44:29 CEST 2020: } (Children of Tianlinliu)
Tue Jun 30 19:44:29 CEST 2020: Children of tps {
Tue Jun 30 19:44:29 CEST 2020: } (Children of tps)
Tue Jun 30 19:44:29 CEST 2020: Children of tptp {
Tue Jun 30 19:44:29 CEST 2020: } (Children of tptp)
Tue Jun 30 19:44:29 CEST 2020: Children of Tutorials {
Tue Jun 30 19:44:29 CEST 2020: } (Children of Tutorials)
Tue Jun 30 19:44:29 CEST 2020: Children of twiesing {
Tue Jun 30 19:44:29 CEST 2020: } (Children of twiesing)
Tue Jun 30 19:44:30 CEST 2020: Children of ulo {
Tue Jun 30 19:44:30 CEST 2020: } (Children of ulo)
Tue Jun 30 19:44:30 CEST 2020: Children of urabenstein {
Tue Jun 30 19:44:30 CEST 2020: } (Children of urabenstein)
